<?xml version="1.0" encoding="UTF-8"?>
<!-- Generated by org.testng.reporters.JUnitXMLReporter -->
<testsuite ignored="0" hostname="DESKTOP-OJFEH9S" failures="1" tests="1" name="Test" time="269.41" errors="0" timestamp="2023-04-27T16:49:59 IST">
  <testcase classname="browserstock.stack" name="test" time="269.303">
    <failure type="java.lang.Error" message="Unresolved compilation problems: 
	File cannot be resolved to a type
	OutputType&amp;lt;File&amp;gt; cannot be resolved to a type
	File cannot be resolved to a type
	File cannot be resolved to a type
">
      <![CDATA[java.lang.Error: Unresolved compilation problems: 
File cannot be resolved to a type
OutputType<File> cannot be resolved to a type
File cannot be resolved to a type
File cannot be resolved to a type

at browserstock.classes.classes1(classes.java:34)
at browserstock.stack.test(stack.java:75)
at java.base/java.util.ArrayList.forEach(ArrayList.java:1511)
... Removed 31 stack frames]]>
    </failure>
  </testcase> <!-- test -->
</testsuite> <!-- Test -->
